app/build 2/intermediates/manifest_merge_blame_file/debug/manifest-merger-blame-debug-report 2.txt
1<?xml version="1.0" encoding="utf-8"?>
2<manifest xmlns:android="http://schemas.android.com/apk/res/android"
3    package="com.udacity.asteroidradar"
4    android:versionCode="1"
5    android:versionName="1.0" >
6
7    <uses-sdk
8        android:minSdkVersion="21"
8-->src/main/AndroidManifest.xml
9        android:targetSdkVersion="33" />
9-->src/main/AndroidManifest.xml
10
11    <uses-permission android:name="android.permission.INTERNET" />
11-->src/main/AndroidManifest.xml:5:5-67
11-->src/main/AndroidManifest.xml:5:22-64
12    <uses-permission android:name="android.permission.WAKE_LOCK" />
12-->[androidx.work:work-runtime:2.7.1] AndroidManifest.xml:25:5-68
12-->[androidx.work:work-runtime:2.7.1] AndroidManifest.xml:25:22-65
13    <uses-permission android:name="android.permission.ACCESS_NETWORK_STATE" />
13-->[androidx.work:work-runtime:2.7.1] AndroidManifest.xml:26:5-79
13-->[androidx.work:work-runtime:2.7.1] AndroidManifest.xml:26:22-76
14    <uses-permission android:name="android.permission.RECEIVE_BOOT_COMPLETED" />
14-->[androidx.work:work-runtime:2.7.1] AndroidManifest.xml:27:5-81
14-->[androidx.work:work-runtime:2.7.1] AndroidManifest.xml:27:22-78
15    <uses-permission android:name="android.permission.FOREGROUND_SERVICE" />
15-->[androidx.work:work-runtime:2.7.1] AndroidManifest.xml:28:5-77
15-->[androidx.work:work-runtime:2.7.1] AndroidManifest.xml:28:22-74
16
17    <application
17-->src/main/AndroidManifest.xml:7:5-22:19
18        android:allowBackup="true"
18-->src/main/AndroidManifest.xml:8:9-35
19        android:appComponentFactory="androidx.core.app.CoreComponentFactory"
19-->[androidx.core:core:1.6.0] AndroidManifest.xml:24:18-86
20        android:debuggable="true"
21        android:icon="@mipmap/ic_launcher"
21-->src/main/AndroidManifest.xml:9:9-43
22        android:label="@string/app_name"
22-->src/main/AndroidManifest.xml:10:9-41
23        android:roundIcon="@mipmap/ic_launcher_round"
23-->src/main/AndroidManifest.xml:11:9-54
24        android:supportsRtl="true"
24-->src/main/AndroidManifest.xml:12:9-35
25        android:theme="@style/AppTheme" >
25-->src/main/AndroidManifest.xml:13:9-40
26        <activity
26-->src/main/AndroidManifest.xml:14:9-21:20
27            android:name="com.udacity.asteroidradar.MainActivity"
27-->src/main/AndroidManifest.xml:14:19-47
28            android:exported="true" >
28-->src/main/AndroidManifest.xml:15:13-36
29            <intent-filter>
29-->src/main/AndroidManifest.xml:16:13-20:29
30                <action android:name="android.intent.action.MAIN" />
30-->src/main/AndroidManifest.xml:17:17-69
30-->src/main/AndroidManifest.xml:17:25-66
31
32                <category android:name="android.intent.category.LAUNCHER" />
32-->src/main/AndroidManifest.xml:19:17-77
32-->src/main/AndroidManifest.xml:19:27-74
33            </intent-filter>
34        </activity>
35
36        <provider
36-->[androidx.work:work-runtime:2.7.1] AndroidManifest.xml:31:9-39:20
37            android:name="androidx.startup.InitializationProvider"
37-->[androidx.work:work-runtime:2.7.1] AndroidManifest.xml:32:13-67
38            android:authorities="com.udacity.asteroidradar.androidx-startup"
38-->[androidx.work:work-runtime:2.7.1] AndroidManifest.xml:33:13-68
39            android:exported="false" >
39-->[androidx.work:work-runtime:2.7.1] AndroidManifest.xml:34:13-37
40            <meta-data
40-->[androidx.work:work-runtime:2.7.1] AndroidManifest.xml:36:13-38:52
41                android:name="androidx.work.WorkManagerInitializer"
41-->[androidx.work:work-runtime:2.7.1] AndroidManifest.xml:37:17-68
42                android:value="androidx.startup" />
42-->[androidx.work:work-runtime:2.7.1] AndroidManifest.xml:38:17-49
43        </provider>
44
45        <service
45-->[androidx.work:work-runtime:2.7.1] AndroidManifest.xml:41:9-46:35
46            android:name="androidx.work.impl.background.systemalarm.SystemAlarmService"
46-->[androidx.work:work-runtime:2.7.1] AndroidManifest.xml:42:13-88
47            android:directBootAware="false"
47-->[androidx.work:work-runtime:2.7.1] AndroidManifest.xml:43:13-44
48            android:enabled="@bool/enable_system_alarm_service_default"
48-->[androidx.work:work-runtime:2.7.1] AndroidManifest.xml:44:13-72
49            android:exported="false" />
49-->[androidx.work:work-runtime:2.7.1] AndroidManifest.xml:45:13-37
50        <service
50-->[androidx.work:work-runtime:2.7.1] AndroidManifest.xml:47:9-53:35
51            android:name="androidx.work.impl.background.systemjob.SystemJobService"
51-->[androidx.work:work-runtime:2.7.1] AndroidManifest.xml:48:13-84
52            android:directBootAware="false"
52-->[androidx.work:work-runtime:2.7.1] AndroidManifest.xml:49:13-44
53            android:enabled="@bool/enable_system_job_service_default"
53-->[androidx.work:work-runtime:2.7.1] AndroidManifest.xml:50:13-70
54            android:exported="true"
54-->[androidx.work:work-runtime:2.7.1] AndroidManifest.xml:51:13-36
55            android:permission="android.permission.BIND_JOB_SERVICE" />
55-->[androidx.work:work-runtime:2.7.1] AndroidManifest.xml:52:13-69
56        <service
56-->[androidx.work:work-runtime:2.7.1] AndroidManifest.xml:54:9-59:35
57            android:name="androidx.work.impl.foreground.SystemForegroundService"
57-->[androidx.work:work-runtime:2.7.1] AndroidManifest.xml:55:13-81
58            android:directBootAware="false"
58-->[androidx.work:work-runtime:2.7.1] AndroidManifest.xml:56:13-44
59            android:enabled="@bool/enable_system_foreground_service_default"
59-->[androidx.work:work-runtime:2.7.1] AndroidManifest.xml:57:13-77
60            android:exported="false" />
60-->[androidx.work:work-runtime:2.7.1] AndroidManifest.xml:58:13-37
61
62        <receiver
62-->[androidx.work:work-runtime:2.7.1] AndroidManifest.xml:61:9-66:35
63            android:name="androidx.work.impl.utils.ForceStopRunnable$BroadcastReceiver"
63-->[androidx.work:work-runtime:2.7.1] AndroidManifest.xml:62:13-88
64            android:directBootAware="false"
64-->[androidx.work:work-runtime:2.7.1] AndroidManifest.xml:63:13-44
65            android:enabled="true"
65-->[androidx.work:work-runtime:2.7.1] AndroidManifest.xml:64:13-35
66            android:exported="false" />
66-->[androidx.work:work-runtime:2.7.1] AndroidManifest.xml:65:13-37
67        <receiver
67-->[androidx.work:work-runtime:2.7.1] AndroidManifest.xml:67:9-77:20
68            android:name="androidx.work.impl.background.systemalarm.ConstraintProxy$BatteryChargingProxy"
68-->[androidx.work:work-runtime:2.7.1] AndroidManifest.xml:68:13-106
69            android:directBootAware="false"
69-->[androidx.work:work-runtime:2.7.1] AndroidManifest.xml:69:13-44
70            android:enabled="false"
70-->[androidx.work:work-runtime:2.7.1] AndroidManifest.xml:70:13-36
71            android:exported="false" >
71-->[androidx.work:work-runtime:2.7.1] AndroidManifest.xml:71:13-37
72            <intent-filter>
72-->[androidx.work:work-runtime:2.7.1] AndroidManifest.xml:73:13-76:29
73                <action android:name="android.intent.action.ACTION_POWER_CONNECTED" />
73-->[androidx.work:work-runtime:2.7.1] AndroidManifest.xml:74:17-87
73-->[androidx.work:work-runtime:2.7.1] AndroidManifest.xml:74:25-84
74                <action android:name="android.intent.action.ACTION_POWER_DISCONNECTED" />
74-->[androidx.work:work-runtime:2.7.1] AndroidManifest.xml:75:17-90
74-->[androidx.work:work-runtime:2.7.1] AndroidManifest.xml:75:25-87
75            </intent-filter>
76        </receiver>
77        <receiver
77-->[androidx.work:work-runtime:2.7.1] AndroidManifest.xml:78:9-88:20
78            android:name="androidx.work.impl.background.systemalarm.ConstraintProxy$BatteryNotLowProxy"
78-->[androidx.work:work-runtime:2.7.1] AndroidManifest.xml:79:13-104
79            android:directBootAware="false"
79-->[androidx.work:work-runtime:2.7.1] AndroidManifest.xml:80:13-44
80            android:enabled="false"
80-->[androidx.work:work-runtime:2.7.1] AndroidManifest.xml:81:13-36
81            android:exported="false" >
81-->[androidx.work:work-runtime:2.7.1] AndroidManifest.xml:82:13-37
82            <intent-filter>
82-->[androidx.work:work-runtime:2.7.1] AndroidManifest.xml:84:13-87:29
83                <action android:name="android.intent.action.BATTERY_OKAY" />
83-->[androidx.work:work-runtime:2.7.1] AndroidManifest.xml:85:17-77
83-->[androidx.work:work-runtime:2.7.1] AndroidManifest.xml:85:25-74
84                <action android:name="android.intent.action.BATTERY_LOW" />
84-->[androidx.work:work-runtime:2.7.1] AndroidManifest.xml:86:17-76
84-->[androidx.work:work-runtime:2.7.1] AndroidManifest.xml:86:25-73
85            </intent-filter>
86        </receiver>
87        <receiver
87-->[androidx.work:work-runtime:2.7.1] AndroidManifest.xml:89:9-99:20
88            android:name="androidx.work.impl.background.systemalarm.ConstraintProxy$StorageNotLowProxy"
88-->[androidx.work:work-runtime:2.7.1] AndroidManifest.xml:90:13-104
89            android:directBootAware="false"
89-->[androidx.work:work-runtime:2.7.1] AndroidManifest.xml:91:13-44
90            android:enabled="false"
90-->[androidx.work:work-runtime:2.7.1] AndroidManifest.xml:92:13-36
91            android:exported="false" >
91-->[androidx.work:work-runtime:2.7.1] AndroidManifest.xml:93:13-37
92            <intent-filter>
92-->[androidx.work:work-runtime:2.7.1] AndroidManifest.xml:95:13-98:29
93                <action android:name="android.intent.action.DEVICE_STORAGE_LOW" />
93-->[androidx.work:work-runtime:2.7.1] AndroidManifest.xml:96:17-83
93-->[androidx.work:work-runtime:2.7.1] AndroidManifest.xml:96:25-80
94                <action android:name="android.intent.action.DEVICE_STORAGE_OK" />
94-->[androidx.work:work-runtime:2.7.1] AndroidManifest.xml:97:17-82
94-->[androidx.work:work-runtime:2.7.1] AndroidManifest.xml:97:25-79
95            </intent-filter>
96        </receiver>
97        <receiver
97-->[androidx.work:work-runtime:2.7.1] AndroidManifest.xml:100:9-109:20
98            android:name="androidx.work.impl.background.systemalarm.ConstraintProxy$NetworkStateProxy"
98-->[androidx.work:work-runtime:2.7.1] AndroidManifest.xml:101:13-103
99            android:directBootAware="false"
99-->[androidx.work:work-runtime:2.7.1] AndroidManifest.xml:102:13-44
100            android:enabled="false"
100-->[androidx.work:work-runtime:2.7.1] AndroidManifest.xml:103:13-36
101            android:exported="false" >
101-->[androidx.work:work-runtime:2.7.1] AndroidManifest.xml:104:13-37
102            <intent-filter>
102-->[androidx.work:work-runtime:2.7.1] AndroidManifest.xml:106:13-108:29
103                <action android:name="android.net.conn.CONNECTIVITY_CHANGE" />
103-->[androidx.work:work-runtime:2.7.1] AndroidManifest.xml:107:17-79
103-->[androidx.work:work-runtime:2.7.1] AndroidManifest.xml:107:25-76
104            </intent-filter>
105        </receiver>
106        <receiver
106-->[androidx.work:work-runtime:2.7.1] AndroidManifest.xml:110:9-121:20
107            android:name="androidx.work.impl.background.systemalarm.RescheduleReceiver"
107-->[androidx.work:work-runtime:2.7.1] AndroidManifest.xml:111:13-88
108            android:directBootAware="false"
108-->[androidx.work:work-runtime:2.7.1] AndroidManifest.xml:112:13-44
109            android:enabled="false"
109-->[androidx.work:work-runtime:2.7.1] AndroidManifest.xml:113:13-36
110            android:exported="false" >
110-->[androidx.work:work-runtime:2.7.1] AndroidManifest.xml:114:13-37
111            <intent-filter>
111-->[androidx.work:work-runtime:2.7.1] AndroidManifest.xml:116:13-120:29
112                <action android:name="android.intent.action.BOOT_COMPLETED" />
112-->[androidx.work:work-runtime:2.7.1] AndroidManifest.xml:117:17-79
112-->[androidx.work:work-runtime:2.7.1] AndroidManifest.xml:117:25-76
113                <action android:name="android.intent.action.TIME_SET" />
113-->[androidx.work:work-runtime:2.7.1] AndroidManifest.xml:118:17-73
113-->[androidx.work:work-runtime:2.7.1] AndroidManifest.xml:118:25-70
114                <action android:name="android.intent.action.TIMEZONE_CHANGED" />
114-->[androidx.work:work-runtime:2.7.1] AndroidManifest.xml:119:17-81
114-->[androidx.work:work-runtime:2.7.1] AndroidManifest.xml:119:25-78
115            </intent-filter>
116        </receiver>
117        <receiver
117-->[androidx.work:work-runtime:2.7.1] AndroidManifest.xml:122:9-131:20
118            android:name="androidx.work.impl.background.systemalarm.ConstraintProxyUpdateReceiver"
118-->[androidx.work:work-runtime:2.7.1] AndroidManifest.xml:123:13-99
119            android:directBootAware="false"
119-->[androidx.work:work-runtime:2.7.1] AndroidManifest.xml:124:13-44
120            android:enabled="@bool/enable_system_alarm_service_default"
120-->[androidx.work:work-runtime:2.7.1] AndroidManifest.xml:125:13-72
121            android:exported="false" >
121-->[androidx.work:work-runtime:2.7.1] AndroidManifest.xml:126:13-37
122            <intent-filter>
122-->[androidx.work:work-runtime:2.7.1] AndroidManifest.xml:128:13-130:29
123                <action android:name="androidx.work.impl.background.systemalarm.UpdateProxies" />
123-->[androidx.work:work-runtime:2.7.1] AndroidManifest.xml:129:17-98
123-->[androidx.work:work-runtime:2.7.1] AndroidManifest.xml:129:25-95
124            </intent-filter>
125        </receiver>
126        <receiver
126-->[androidx.work:work-runtime:2.7.1] AndroidManifest.xml:132:9-142:20
127            android:name="androidx.work.impl.diagnostics.DiagnosticsReceiver"
127-->[androidx.work:work-runtime:2.7.1] AndroidManifest.xml:133:13-78
128            android:directBootAware="false"
128-->[androidx.work:work-runtime:2.7.1] AndroidManifest.xml:134:13-44
129            android:enabled="true"
129-->[androidx.work:work-runtime:2.7.1] AndroidManifest.xml:135:13-35
130            android:exported="true"
130-->[androidx.work:work-runtime:2.7.1] AndroidManifest.xml:136:13-36
131            android:permission="android.permission.DUMP" >
131-->[androidx.work:work-runtime:2.7.1] AndroidManifest.xml:137:13-57
132            <intent-filter>
132-->[androidx.work:work-runtime:2.7.1] AndroidManifest.xml:139:13-141:29
133                <action android:name="androidx.work.diagnostics.REQUEST_DIAGNOSTICS" />
133-->[androidx.work:work-runtime:2.7.1] AndroidManifest.xml:140:17-88
133-->[androidx.work:work-runtime:2.7.1] AndroidManifest.xml:140:25-85
134            </intent-filter>
135        </receiver>
136
137        <service
137-->[androidx.room:room-runtime:2.2.5] AndroidManifest.xml:25:9-28:40
138            android:name="androidx.room.MultiInstanceInvalidationService"
138-->[androidx.room:room-runtime:2.2.5] AndroidManifest.xml:26:13-74
139            android:directBootAware="true"
139-->[androidx.room:room-runtime:2.2.5] AndroidManifest.xml:27:13-43
140            android:exported="false" />
140-->[androidx.room:room-runtime:2.2.5] AndroidManifest.xml:28:13-37
141
142        <provider
142-->[androidx.lifecycle:lifecycle-process:2.2.0] AndroidManifest.xml:25:9-29:43
143            android:name="androidx.lifecycle.ProcessLifecycleOwnerInitializer"
143-->[androidx.lifecycle:lifecycle-process:2.2.0] AndroidManifest.xml:26:13-79
144            android:authorities="com.udacity.asteroidradar.lifecycle-process"
144-->[androidx.lifecycle:lifecycle-process:2.2.0] AndroidManifest.xml:27:13-69
145            android:exported="false"
145-->[androidx.lifecycle:lifecycle-process:2.2.0] AndroidManifest.xml:28:13-37
146            android:multiprocess="true" />
146-->[androidx.lifecycle:lifecycle-process:2.2.0] AndroidManifest.xml:29:13-40
147    </application>
148
149</manifest>